2016-08-06 19:14:59,034:CONFIG:dc2-edg-r1:connecting to dc2-edg-r1
2016-08-06 19:14:59,036:CONFIG:dc2-edg-r1:connecting to dc2-edg-r1
2016-08-06 19:14:59,037:CONFIG:dc2-edg-r1:connecting to dc2-edg-r1
2016-08-06 19:14:59,037:CONFIG:dc2-edg-r1:Exception: vyos
2016-08-06 19:14:59,037:CONFIG:dc2-edg-r1:Exception: vyos
2016-08-06 19:14:59,037:CONFIG:dc2-edg-r1:Exception: vyos
2016-08-06 19:14:59,047:CONFIG:dc2-edg-r1:connecting to dc2-edg-r1
2016-08-06 19:14:59,049:CONFIG:dc2-edg-r1:Exception: vyos
2016-08-06 19:16:36,259:CONFIG:dc2-edg-r1:connecting to dc2-edg-r1
2016-08-06 19:16:36,258:CONFIG:dc2-edg-r1:connecting to dc2-edg-r1
2016-08-06 19:16:36,282:CONFIG:dc2-edg-r1:connecting to dc2-edg-r1
2016-08-06 19:16:36,308:CONFIG:dc2-edg-r1:connecting to dc2-edg-r1
2016-08-06 19:16:36,312:paramiko.transport:Connected (version 2.0, client OpenSSH_5.5p1)
2016-08-06 19:16:36,322:paramiko.transport:Connected (version 2.0, client OpenSSH_5.5p1)
2016-08-06 19:16:36,340:paramiko.transport:Connected (version 2.0, client OpenSSH_5.5p1)
2016-08-06 19:16:36,366:paramiko.transport:Connected (version 2.0, client OpenSSH_5.5p1)
2016-08-06 19:16:37,014:paramiko.transport:Auth banner: Welcome to VyOS

2016-08-06 19:16:37,015:paramiko.transport:Authentication (password) successful!
2016-08-06 19:16:37,019:paramiko.transport:Auth banner: Welcome to VyOS

2016-08-06 19:16:37,019:paramiko.transport:Authentication (password) successful!
2016-08-06 19:16:37,022:paramiko.transport:Auth banner: Welcome to VyOS

2016-08-06 19:16:37,023:paramiko.transport:Authentication (password) successful!
2016-08-06 19:16:37,045:paramiko.transport:Auth banner: Welcome to VyOS

2016-08-06 19:16:37,046:paramiko.transport:Authentication (password) successful!
2016-08-06 19:16:37,304:CONFIG:dc2-edg-r1:Exception: string index out of range
2016-08-06 19:16:37,313:CONFIG:dc2-edg-r1:Exception: string index out of range
2016-08-06 19:16:37,323:CONFIG:dc2-edg-r1:Exception: string index out of range
2016-08-06 19:16:37,333:CONFIG:dc2-edg-r1:Exception: string index out of range
2016-08-06 19:16:59,510:CONFIG:dc2-edg-r1:connecting to dc2-edg-r1
2016-08-06 19:16:59,510:CONFIG:dc2-edg-r1:connecting to dc2-edg-r1
2016-08-06 19:16:59,515:CONFIG:dc2-edg-r1:connecting to dc2-edg-r1
2016-08-06 19:16:59,544:CONFIG:dc2-edg-r1:connecting to dc2-edg-r1
2016-08-06 19:16:59,608:paramiko.transport:Connected (version 2.0, client OpenSSH_5.5p1)
2016-08-06 19:16:59,618:paramiko.transport:Connected (version 2.0, client OpenSSH_5.5p1)
2016-08-06 19:16:59,621:paramiko.transport:Connected (version 2.0, client OpenSSH_5.5p1)
2016-08-06 19:16:59,630:paramiko.transport:Connected (version 2.0, client OpenSSH_5.5p1)
2016-08-06 19:17:00,173:paramiko.transport:Auth banner: Welcome to VyOS

2016-08-06 19:17:00,173:paramiko.transport:Authentication (password) successful!
2016-08-06 19:17:00,181:paramiko.transport:Auth banner: Welcome to VyOS

2016-08-06 19:17:00,181:paramiko.transport:Authentication (password) successful!
2016-08-06 19:17:00,187:paramiko.transport:Auth banner: Welcome to VyOS

2016-08-06 19:17:00,187:paramiko.transport:Authentication (password) successful!
2016-08-06 19:17:00,191:paramiko.transport:Auth banner: Welcome to VyOS

2016-08-06 19:17:00,192:paramiko.transport:Authentication (password) successful!
2016-08-06 19:17:00,448:CONFIG:dc2-edg-r1:Exception: string index out of range
2016-08-06 19:17:00,453:CONFIG:dc2-edg-r1:Exception: string index out of range
2016-08-06 19:17:00,457:CONFIG:dc2-edg-r1:Exception: string index out of range
2016-08-06 19:17:00,479:CONFIG:dc2-edg-r1:Exception: string index out of range
2016-08-06 19:28:34,704:CONFIG:dc2-edg-r1:connecting to dc2-edg-r1
2016-08-06 19:28:34,708:CONFIG:dc2-edg-r1:connecting to dc2-edg-r1
2016-08-06 19:28:34,713:CONFIG:dc2-edg-r1:connecting to dc2-edg-r1
2016-08-06 19:28:34,735:CONFIG:dc2-edg-r1:connecting to dc2-edg-r1
2016-08-06 19:28:34,739:paramiko.transport:Connected (version 2.0, client OpenSSH_5.5p1)
2016-08-06 19:28:34,765:paramiko.transport:Connected (version 2.0, client OpenSSH_5.5p1)
2016-08-06 19:28:34,775:paramiko.transport:Connected (version 2.0, client OpenSSH_5.5p1)
2016-08-06 19:28:34,779:paramiko.transport:Connected (version 2.0, client OpenSSH_5.5p1)
2016-08-06 19:28:35,293:paramiko.transport:Auth banner: Welcome to VyOS

2016-08-06 19:28:35,293:paramiko.transport:Authentication (password) successful!
2016-08-06 19:28:35,299:paramiko.transport:Auth banner: Welcome to VyOS

2016-08-06 19:28:35,299:paramiko.transport:Authentication (password) successful!
2016-08-06 19:28:35,301:paramiko.transport:Auth banner: Welcome to VyOS

2016-08-06 19:28:35,301:paramiko.transport:Authentication (password) successful!
2016-08-06 19:28:35,304:paramiko.transport:Auth banner: Welcome to VyOS

2016-08-06 19:28:35,305:paramiko.transport:Authentication (password) successful!
2016-08-06 19:28:35,547:CONFIG:dc2-edg-r1:Exception: string index out of range
2016-08-06 19:28:35,549:CONFIG:dc2-edg-r1:Exception: string index out of range
2016-08-06 19:28:35,550:CONFIG:dc2-edg-r1:Exception: string index out of range
2016-08-06 19:28:35,552:CONFIG:dc2-edg-r1:Exception: string index out of range
2016-08-06 19:36:32,138:CONFIG:dc2-edg-r1:connecting to dc2-edg-r1
2016-08-06 19:36:32,161:CONFIG:dc2-edg-r1:connecting to dc2-edg-r1
2016-08-06 19:36:32,161:CONFIG:dc2-edg-r1:connecting to dc2-edg-r1
2016-08-06 19:36:32,165:paramiko.transport:Connected (version 2.0, client OpenSSH_5.5p1)
2016-08-06 19:36:32,182:CONFIG:dc2-edg-r1:connecting to dc2-edg-r1
2016-08-06 19:36:32,196:paramiko.transport:Connected (version 2.0, client OpenSSH_5.5p1)
2016-08-06 19:36:32,222:paramiko.transport:Connected (version 2.0, client OpenSSH_5.5p1)
2016-08-06 19:36:32,225:paramiko.transport:Connected (version 2.0, client OpenSSH_5.5p1)
2016-08-06 19:36:32,689:paramiko.transport:Auth banner: Welcome to VyOS

2016-08-06 19:36:32,689:paramiko.transport:Authentication (password) successful!
2016-08-06 19:36:32,735:paramiko.transport:Auth banner: Welcome to VyOS

2016-08-06 19:36:32,736:paramiko.transport:Authentication (password) successful!
2016-08-06 19:36:32,738:paramiko.transport:Auth banner: Welcome to VyOS

2016-08-06 19:36:32,739:paramiko.transport:Authentication (password) successful!
2016-08-06 19:36:32,740:paramiko.transport:Auth banner: Welcome to VyOS

2016-08-06 19:36:32,741:paramiko.transport:Authentication (password) successful!
2016-08-06 19:36:32,936:CONFIG:dc2-edg-r1:Exception: string index out of range
2016-08-06 19:36:32,991:CONFIG:dc2-edg-r1:Exception: string index out of range
2016-08-06 19:36:32,991:CONFIG:dc2-edg-r1:Exception: string index out of range
2016-08-06 19:36:32,992:CONFIG:dc2-edg-r1:Exception: string index out of range
2016-08-06 19:36:51,805:CONFIG:dc2-edg-r1:connecting to dc2-edg-r1
2016-08-06 19:36:51,821:CONFIG:dc2-edg-r1:connecting to dc2-edg-r1
2016-08-06 19:36:51,837:CONFIG:dc2-edg-r1:connecting to dc2-edg-r1
2016-08-06 19:36:51,858:CONFIG:dc2-edg-r1:connecting to dc2-edg-r1
2016-08-06 19:36:51,891:paramiko.transport:Connected (version 2.0, client OpenSSH_5.5p1)
2016-08-06 19:36:51,923:paramiko.transport:Connected (version 2.0, client OpenSSH_5.5p1)
2016-08-06 19:36:51,937:paramiko.transport:Connected (version 2.0, client OpenSSH_5.5p1)
2016-08-06 19:36:51,943:paramiko.transport:Connected (version 2.0, client OpenSSH_5.5p1)
2016-08-06 19:36:52,428:paramiko.transport:Auth banner: Welcome to VyOS

2016-08-06 19:36:52,428:paramiko.transport:Authentication (password) successful!
2016-08-06 19:36:52,484:paramiko.transport:Auth banner: Welcome to VyOS

2016-08-06 19:36:52,485:paramiko.transport:Authentication (password) successful!
2016-08-06 19:36:52,486:paramiko.transport:Auth banner: Welcome to VyOS

2016-08-06 19:36:52,486:paramiko.transport:Authentication (password) successful!
2016-08-06 19:36:52,496:paramiko.transport:Auth banner: Welcome to VyOS

2016-08-06 19:36:52,497:paramiko.transport:Authentication (password) successful!
2016-08-06 19:36:52,653:CONFIG:dc2-edg-r1:Exception: string index out of range
2016-08-06 19:36:52,729:CONFIG:dc2-edg-r1:Exception: string index out of range
2016-08-06 19:36:52,730:CONFIG:dc2-edg-r1:Exception: string index out of range
2016-08-06 19:36:52,754:CONFIG:dc2-edg-r1:Exception: string index out of range
2016-08-06 19:37:47,004:CONFIG:dc2-edg-r1:connecting to dc2-edg-r1
2016-08-06 19:37:47,005:CONFIG:dc2-edg-r1:connecting to dc2-edg-r1
2016-08-06 19:37:47,006:CONFIG:dc2-edg-r1:connecting to dc2-edg-r1
2016-08-06 19:37:47,018:CONFIG:dc2-edg-r1:connecting to dc2-edg-r1
2016-08-06 19:37:47,048:paramiko.transport:Connected (version 2.0, client OpenSSH_5.5p1)
2016-08-06 19:37:47,073:paramiko.transport:Connected (version 2.0, client OpenSSH_5.5p1)
2016-08-06 19:37:47,083:paramiko.transport:Connected (version 2.0, client OpenSSH_5.5p1)
2016-08-06 19:37:47,087:paramiko.transport:Connected (version 2.0, client OpenSSH_5.5p1)
2016-08-06 19:37:47,664:paramiko.transport:Auth banner: Welcome to VyOS

2016-08-06 19:37:47,665:paramiko.transport:Authentication (password) successful!
2016-08-06 19:37:47,672:paramiko.transport:Auth banner: Welcome to VyOS

2016-08-06 19:37:47,673:paramiko.transport:Authentication (password) successful!
2016-08-06 19:37:47,679:paramiko.transport:Auth banner: Welcome to VyOS

2016-08-06 19:37:47,679:paramiko.transport:Authentication (password) successful!
2016-08-06 19:37:47,704:paramiko.transport:Auth banner: Welcome to VyOS

2016-08-06 19:37:47,705:paramiko.transport:Authentication (password) successful!
2016-08-06 19:37:47,979:CONFIG:dc2-edg-r1:Exception: 
2016-08-06 19:37:48,015:CONFIG:dc2-edg-r1:Exception: 
2016-08-06 19:37:48,016:CONFIG:dc2-edg-r1:Exception: 
2016-08-06 19:37:48,028:CONFIG:dc2-edg-r1:Exception: 
2016-08-06 19:46:03,236:CONFIG:dc2-edg-r1:connecting to dc2-edg-r1
2016-08-06 19:46:03,245:CONFIG:dc2-edg-r1:connecting to dc2-edg-r1
2016-08-06 19:46:03,263:CONFIG:dc2-edg-r1:connecting to dc2-edg-r1
2016-08-06 19:46:03,287:CONFIG:dc2-edg-r1:connecting to dc2-edg-r1
2016-08-06 19:46:03,418:paramiko.transport:Connected (version 2.0, client OpenSSH_5.5p1)
2016-08-06 19:46:03,419:paramiko.transport:Connected (version 2.0, client OpenSSH_5.5p1)
2016-08-06 19:46:03,423:paramiko.transport:Connected (version 2.0, client OpenSSH_5.5p1)
2016-08-06 19:46:03,440:paramiko.transport:Connected (version 2.0, client OpenSSH_5.5p1)
2016-08-06 19:46:04,017:paramiko.transport:Auth banner: Welcome to VyOS

2016-08-06 19:46:04,017:paramiko.transport:Authentication (password) successful!
2016-08-06 19:46:04,047:paramiko.transport:Auth banner: Welcome to VyOS

2016-08-06 19:46:04,047:paramiko.transport:Authentication (password) successful!
2016-08-06 19:46:04,051:paramiko.transport:Auth banner: Welcome to VyOS

2016-08-06 19:46:04,051:paramiko.transport:Authentication (password) successful!
2016-08-06 19:46:04,065:paramiko.transport:Auth banner: Welcome to VyOS

2016-08-06 19:46:04,065:paramiko.transport:Authentication (password) successful!
2016-08-06 19:46:05,288:CONFIG:dc2-edg-r1:Exception: string index out of range
2016-08-06 19:46:05,298:CONFIG:dc2-edg-r1:Exception: string index out of range
2016-08-06 19:46:05,305:CONFIG:dc2-edg-r1:Exception: string index out of range
2016-08-06 19:46:05,315:CONFIG:dc2-edg-r1:Exception: string index out of range
2016-08-06 19:46:21,088:CONFIG:dc2-edg-r1:connecting to dc2-edg-r1
2016-08-06 19:46:21,113:CONFIG:dc2-edg-r1:connecting to dc2-edg-r1
2016-08-06 19:46:21,117:paramiko.transport:Connected (version 2.0, client OpenSSH_5.5p1)
2016-08-06 19:46:21,145:CONFIG:dc2-edg-r1:connecting to dc2-edg-r1
2016-08-06 19:46:21,147:paramiko.transport:Connected (version 2.0, client OpenSSH_5.5p1)
2016-08-06 19:46:21,179:CONFIG:dc2-edg-r1:connecting to dc2-edg-r1
2016-08-06 19:46:21,200:paramiko.transport:Connected (version 2.0, client OpenSSH_5.5p1)
2016-08-06 19:46:21,243:paramiko.transport:Connected (version 2.0, client OpenSSH_5.5p1)
2016-08-06 19:46:21,649:paramiko.transport:Auth banner: Welcome to VyOS

2016-08-06 19:46:21,649:paramiko.transport:Authentication (password) successful!
2016-08-06 19:46:21,689:paramiko.transport:Auth banner: Welcome to VyOS

2016-08-06 19:46:21,689:paramiko.transport:Authentication (password) successful!
2016-08-06 19:46:21,760:paramiko.transport:Auth banner: Welcome to VyOS

2016-08-06 19:46:21,761:paramiko.transport:Authentication (password) successful!
2016-08-06 19:46:21,763:paramiko.transport:Auth banner: Welcome to VyOS

2016-08-06 19:46:21,763:paramiko.transport:Authentication (password) successful!
2016-08-06 19:46:22,901:CONFIG:dc2-edg-r1:Exception: string index out of range
2016-08-06 19:46:22,933:CONFIG:dc2-edg-r1:Exception: string index out of range
2016-08-06 19:46:23,000:CONFIG:dc2-edg-r1:Exception: string index out of range
2016-08-06 19:46:23,010:CONFIG:dc2-edg-r1:Exception: string index out of range
2016-08-06 19:46:50,562:CONFIG:dc2-edg-r1:connecting to dc2-edg-r1
2016-08-06 19:46:50,561:CONFIG:dc2-edg-r1:connecting to dc2-edg-r1
2016-08-06 19:46:50,587:CONFIG:dc2-edg-r1:connecting to dc2-edg-r1
2016-08-06 19:46:50,587:CONFIG:dc2-edg-r1:connecting to dc2-edg-r1
2016-08-06 19:46:50,606:paramiko.transport:Connected (version 2.0, client OpenSSH_5.5p1)
2016-08-06 19:46:50,634:paramiko.transport:Connected (version 2.0, client OpenSSH_5.5p1)
2016-08-06 19:46:50,645:paramiko.transport:Connected (version 2.0, client OpenSSH_5.5p1)
2016-08-06 19:46:50,654:paramiko.transport:Connected (version 2.0, client OpenSSH_5.5p1)
2016-08-06 19:46:51,197:paramiko.transport:Auth banner: Welcome to VyOS

2016-08-06 19:46:51,198:paramiko.transport:Authentication (password) successful!
2016-08-06 19:46:51,202:paramiko.transport:Auth banner: Welcome to VyOS

2016-08-06 19:46:51,202:paramiko.transport:Authentication (password) successful!
2016-08-06 19:46:51,205:paramiko.transport:Auth banner: Welcome to VyOS

2016-08-06 19:46:51,206:paramiko.transport:Authentication (password) successful!
2016-08-06 19:46:51,213:paramiko.transport:Auth banner: Welcome to VyOS

2016-08-06 19:46:51,214:paramiko.transport:Authentication (password) successful!
2016-08-06 19:46:52,464:CONFIG:dc2-edg-r1:Exception: string index out of range
2016-08-06 19:46:52,465:CONFIG:dc2-edg-r1:Exception: string index out of range
2016-08-06 19:46:52,475:CONFIG:dc2-edg-r1:Exception: string index out of range
2016-08-06 19:46:52,477:CONFIG:dc2-edg-r1:Exception: string index out of range
2016-08-06 19:47:20,858:CONFIG:dc2-edg-r1:connecting to dc2-edg-r1
2016-08-06 19:47:20,861:CONFIG:dc2-edg-r1:connecting to dc2-edg-r1
2016-08-06 19:47:20,878:CONFIG:dc2-edg-r1:connecting to dc2-edg-r1
2016-08-06 19:47:20,905:CONFIG:dc2-edg-r1:connecting to dc2-edg-r1
2016-08-06 19:47:20,970:paramiko.transport:Connected (version 2.0, client OpenSSH_5.5p1)
2016-08-06 19:47:20,982:paramiko.transport:Connected (version 2.0, client OpenSSH_5.5p1)
2016-08-06 19:47:21,000:paramiko.transport:Connected (version 2.0, client OpenSSH_5.5p1)
2016-08-06 19:47:21,033:paramiko.transport:Connected (version 2.0, client OpenSSH_5.5p1)
2016-08-06 19:47:21,536:paramiko.transport:Auth banner: Welcome to VyOS

2016-08-06 19:47:21,536:paramiko.transport:Authentication (password) successful!
2016-08-06 19:47:21,557:paramiko.transport:Auth banner: Welcome to VyOS

2016-08-06 19:47:21,557:paramiko.transport:Authentication (password) successful!
2016-08-06 19:47:21,608:paramiko.transport:Auth banner: Welcome to VyOS

2016-08-06 19:47:21,608:paramiko.transport:Authentication (password) successful!
2016-08-06 19:47:21,622:paramiko.transport:Auth banner: Welcome to VyOS

2016-08-06 19:47:21,623:paramiko.transport:Authentication (password) successful!
2016-08-06 19:47:22,851:CONFIG:dc2-edg-r1:Exception: string index out of range
2016-08-06 19:47:22,862:CONFIG:dc2-edg-r1:Exception: string index out of range
2016-08-06 19:47:22,907:CONFIG:dc2-edg-r1:Exception: string index out of range
2016-08-06 19:47:22,926:CONFIG:dc2-edg-r1:Exception: string index out of range
2016-08-06 19:49:40,293:CONFIG:dc2-edg-r1:connecting to dc2-edg-r1
2016-08-06 19:49:40,294:CONFIG:dc2-edg-r1:connecting to dc2-edg-r1
2016-08-06 19:49:40,297:CONFIG:dc2-edg-r1:connecting to dc2-edg-r1
2016-08-06 19:49:40,331:CONFIG:dc2-edg-r1:connecting to dc2-edg-r1
2016-08-06 19:49:40,362:paramiko.transport:Connected (version 2.0, client OpenSSH_5.5p1)
2016-08-06 19:49:40,371:paramiko.transport:Connected (version 2.0, client OpenSSH_5.5p1)
2016-08-06 19:49:40,379:paramiko.transport:Connected (version 2.0, client OpenSSH_5.5p1)
2016-08-06 19:49:40,423:paramiko.transport:Connected (version 2.0, client OpenSSH_5.5p1)
2016-08-06 19:49:40,926:paramiko.transport:Auth banner: Welcome to VyOS

2016-08-06 19:49:40,927:paramiko.transport:Authentication (password) successful!
2016-08-06 19:49:40,946:paramiko.transport:Auth banner: Welcome to VyOS

2016-08-06 19:49:40,947:paramiko.transport:Authentication (password) successful!
2016-08-06 19:49:40,970:paramiko.transport:Auth banner: Welcome to VyOS

2016-08-06 19:49:40,971:paramiko.transport:Authentication (password) successful!
2016-08-06 19:49:40,987:paramiko.transport:Auth banner: Welcome to VyOS

2016-08-06 19:49:40,988:paramiko.transport:Authentication (password) successful!
2016-08-06 19:49:42,190:CONFIG:dc2-edg-r1:Exception: string index out of range
2016-08-06 19:49:42,209:CONFIG:dc2-edg-r1:Exception: string index out of range
2016-08-06 19:49:42,224:CONFIG:dc2-edg-r1:Exception: string index out of range
2016-08-06 19:49:42,241:CONFIG:dc2-edg-r1:Exception: string index out of range
2016-08-06 19:50:42,461:CONFIG:dc2-edg-r1:connecting to dc2-edg-r1
2016-08-06 19:50:42,463:CONFIG:dc2-edg-r1:connecting to dc2-edg-r1
2016-08-06 19:50:42,468:CONFIG:dc2-edg-r1:connecting to dc2-edg-r1
2016-08-06 19:50:42,471:CONFIG:dc2-edg-r1:connecting to dc2-edg-r1
2016-08-06 19:50:42,564:paramiko.transport:Connected (version 2.0, client OpenSSH_5.5p1)
2016-08-06 19:50:42,569:paramiko.transport:Connected (version 2.0, client OpenSSH_5.5p1)
2016-08-06 19:50:42,580:paramiko.transport:Connected (version 2.0, client OpenSSH_5.5p1)
2016-08-06 19:50:42,602:paramiko.transport:Connected (version 2.0, client OpenSSH_5.5p1)
2016-08-06 19:50:43,094:paramiko.transport:Auth banner: Welcome to VyOS

2016-08-06 19:50:43,094:paramiko.transport:Authentication (password) successful!
2016-08-06 19:50:43,164:paramiko.transport:Auth banner: Welcome to VyOS

2016-08-06 19:50:43,164:paramiko.transport:Authentication (password) successful!
2016-08-06 19:50:43,191:paramiko.transport:Auth banner: Welcome to VyOS

2016-08-06 19:50:43,191:paramiko.transport:Authentication (password) successful!
2016-08-06 19:50:43,197:paramiko.transport:Auth banner: Welcome to VyOS

2016-08-06 19:50:43,197:paramiko.transport:Authentication (password) successful!
2016-08-06 19:50:44,352:CONFIG:dc2-edg-r1:Exception: string index out of range
2016-08-06 19:50:44,489:CONFIG:dc2-edg-r1:Exception: string index out of range
2016-08-06 19:50:44,504:CONFIG:dc2-edg-r1:Exception: string index out of range
2016-08-06 19:50:44,509:CONFIG:dc2-edg-r1:Exception: string index out of range
2016-08-06 19:51:14,278:CONFIG:dc2-edg-r1:connecting to dc2-edg-r1
2016-08-06 19:51:14,279:CONFIG:dc2-edg-r1:connecting to dc2-edg-r1
2016-08-06 19:51:14,296:CONFIG:dc2-edg-r1:connecting to dc2-edg-r1
2016-08-06 19:51:14,323:CONFIG:dc2-edg-r1:connecting to dc2-edg-r1
2016-08-06 19:51:14,343:paramiko.transport:Connected (version 2.0, client OpenSSH_5.5p1)
2016-08-06 19:51:14,356:paramiko.transport:Connected (version 2.0, client OpenSSH_5.5p1)
2016-08-06 19:51:14,363:paramiko.transport:Connected (version 2.0, client OpenSSH_5.5p1)
2016-08-06 19:51:14,387:paramiko.transport:Connected (version 2.0, client OpenSSH_5.5p1)
2016-08-06 19:51:14,895:paramiko.transport:Auth banner: Welcome to VyOS

2016-08-06 19:51:14,897:paramiko.transport:Authentication (password) successful!
2016-08-06 19:51:14,912:paramiko.transport:Auth banner: Welcome to VyOS

2016-08-06 19:51:14,912:paramiko.transport:Authentication (password) successful!
2016-08-06 19:51:14,925:paramiko.transport:Auth banner: Welcome to VyOS

2016-08-06 19:51:14,926:paramiko.transport:Authentication (password) successful!
2016-08-06 19:51:14,929:paramiko.transport:Auth banner: Welcome to VyOS

2016-08-06 19:51:14,929:paramiko.transport:Authentication (password) successful!
2016-08-06 19:51:17,157:CONFIG:dc2-edg-r1:Exception: string index out of range
2016-08-06 19:51:17,165:CONFIG:dc2-edg-r1:Exception: string index out of range
2016-08-06 19:51:17,170:CONFIG:dc2-edg-r1:Exception: string index out of range
2016-08-06 19:51:17,178:CONFIG:dc2-edg-r1:Exception: string index out of range
2016-08-06 19:51:42,862:CONFIG:dc2-edg-r1:connecting to dc2-edg-r1
2016-08-06 19:51:42,863:CONFIG:dc2-edg-r1:connecting to dc2-edg-r1
2016-08-06 19:51:42,897:CONFIG:dc2-edg-r1:connecting to dc2-edg-r1
2016-08-06 19:51:42,901:paramiko.transport:Connected (version 2.0, client OpenSSH_5.5p1)
2016-08-06 19:51:42,906:paramiko.transport:Connected (version 2.0, client OpenSSH_5.5p1)
2016-08-06 19:51:42,935:CONFIG:dc2-edg-r1:connecting to dc2-edg-r1
2016-08-06 19:51:42,937:paramiko.transport:Connected (version 2.0, client OpenSSH_5.5p1)
2016-08-06 19:51:42,969:paramiko.transport:Connected (version 2.0, client OpenSSH_5.5p1)
2016-08-06 19:51:43,442:paramiko.transport:Auth banner: Welcome to VyOS

2016-08-06 19:51:43,442:paramiko.transport:Authentication (password) successful!
2016-08-06 19:51:43,472:paramiko.transport:Auth banner: Welcome to VyOS

2016-08-06 19:51:43,472:paramiko.transport:Authentication (password) successful!
2016-08-06 19:51:43,480:paramiko.transport:Auth banner: Welcome to VyOS

2016-08-06 19:51:43,480:paramiko.transport:Authentication (password) successful!
2016-08-06 19:51:43,497:paramiko.transport:Auth banner: Welcome to VyOS

2016-08-06 19:51:43,497:paramiko.transport:Authentication (password) successful!
2016-08-06 19:52:04,477:CONFIG:dc2-edg-r1:loading /home/ubuntu/workplace/ansible_vyos/vyos/output/dc2-edg-r1.conf
2016-08-06 19:52:04,531:CONFIG:dc2-edg-r1:loading /home/ubuntu/workplace/ansible_vyos/vyos/output/dc2-edg-r1.conf
2016-08-06 19:52:04,538:CONFIG:dc2-edg-r1:loading /home/ubuntu/workplace/ansible_vyos/vyos/output/dc2-edg-r1.conf
2016-08-06 19:52:04,581:CONFIG:dc2-edg-r1:loading /home/ubuntu/workplace/ansible_vyos/vyos/output/dc2-edg-r1.conf
2016-08-06 19:52:12,733:CONFIG:dc2-edg-r1:Exception: Failed to exit configuration mode
2016-08-06 19:52:12,872:CONFIG:dc2-edg-r1:Exception: Failed to exit configuration mode
2016-08-06 19:56:03,966:CONFIG:dc2-edg-r1:connecting to dc2-edg-r1
2016-08-06 19:56:03,986:CONFIG:dc2-edg-r1:connecting to dc2-edg-r1
2016-08-06 19:56:03,987:CONFIG:dc2-edg-r1:connecting to dc2-edg-r1
2016-08-06 19:56:03,998:CONFIG:dc2-edg-r1:connecting to dc2-edg-r1
2016-08-06 19:56:04,065:paramiko.transport:Connected (version 2.0, client OpenSSH_5.5p1)
2016-08-06 19:56:04,089:paramiko.transport:Connected (version 2.0, client OpenSSH_5.5p1)
2016-08-06 19:56:04,099:paramiko.transport:Connected (version 2.0, client OpenSSH_5.5p1)
2016-08-06 19:56:04,112:paramiko.transport:Connected (version 2.0, client OpenSSH_5.5p1)
2016-08-06 19:56:04,606:paramiko.transport:Auth banner: Welcome to VyOS

2016-08-06 19:56:04,606:paramiko.transport:Authentication (password) successful!
2016-08-06 19:56:04,648:paramiko.transport:Auth banner: Welcome to VyOS

2016-08-06 19:56:04,649:paramiko.transport:Authentication (password) successful!
2016-08-06 19:56:04,657:paramiko.transport:Auth banner: Welcome to VyOS

2016-08-06 19:56:04,657:paramiko.transport:Authentication (password) successful!
2016-08-06 19:56:04,660:paramiko.transport:Auth banner: Welcome to VyOS

2016-08-06 19:56:04,660:paramiko.transport:Authentication (password) successful!
2016-08-06 19:56:04,857:CONFIG:dc2-edg-r1:Exception: local variable 'prompt' referenced before assignment
2016-08-06 19:56:04,904:CONFIG:dc2-edg-r1:Exception: local variable 'prompt' referenced before assignment
2016-08-06 19:56:04,920:CONFIG:dc2-edg-r1:Exception: local variable 'prompt' referenced before assignment
2016-08-06 19:56:04,921:CONFIG:dc2-edg-r1:Exception: local variable 'prompt' referenced before assignment
2016-08-06 19:56:58,958:CONFIG:dc2-edg-r1:connecting to dc2-edg-r1
2016-08-06 19:56:58,966:CONFIG:dc2-edg-r1:connecting to dc2-edg-r1
2016-08-06 19:56:58,972:CONFIG:dc2-edg-r1:connecting to dc2-edg-r1
2016-08-06 19:56:58,987:CONFIG:dc2-edg-r1:connecting to dc2-edg-r1
2016-08-06 19:56:59,030:paramiko.transport:Connected (version 2.0, client OpenSSH_5.5p1)
2016-08-06 19:56:59,039:paramiko.transport:Connected (version 2.0, client OpenSSH_5.5p1)
2016-08-06 19:56:59,042:paramiko.transport:Connected (version 2.0, client OpenSSH_5.5p1)
2016-08-06 19:56:59,051:paramiko.transport:Connected (version 2.0, client OpenSSH_5.5p1)
2016-08-06 19:56:59,569:paramiko.transport:Auth banner: Welcome to VyOS

2016-08-06 19:56:59,570:paramiko.transport:Authentication (password) successful!
2016-08-06 19:56:59,583:paramiko.transport:Auth banner: Welcome to VyOS

2016-08-06 19:56:59,583:paramiko.transport:Authentication (password) successful!
2016-08-06 19:56:59,595:paramiko.transport:Auth banner: Welcome to VyOS

2016-08-06 19:56:59,596:paramiko.transport:Authentication (password) successful!
2016-08-06 19:56:59,599:paramiko.transport:Auth banner: Welcome to VyOS

2016-08-06 19:56:59,599:paramiko.transport:Authentication (password) successful!
2016-08-06 19:57:03,570:CONFIG:dc2-edg-r1:loading /home/ubuntu/workplace/ansible_vyos/vyos/output/dc2-edg-r1.conf
2016-08-06 19:57:03,574:CONFIG:dc2-edg-r1:loading /home/ubuntu/workplace/ansible_vyos/vyos/output/dc2-edg-r1.conf
2016-08-06 19:57:03,585:CONFIG:dc2-edg-r1:loading /home/ubuntu/workplace/ansible_vyos/vyos/output/dc2-edg-r1.conf
2016-08-06 19:57:03,597:CONFIG:dc2-edg-r1:loading /home/ubuntu/workplace/ansible_vyos/vyos/output/dc2-edg-r1.conf
2016-08-06 19:57:42,286:CONFIG:dc2-edg-r1:connecting to dc2-edg-r1
2016-08-06 19:57:42,285:CONFIG:dc2-edg-r1:connecting to dc2-edg-r1
2016-08-06 19:57:42,317:CONFIG:dc2-edg-r1:connecting to dc2-edg-r1
2016-08-06 19:57:42,322:paramiko.transport:Connected (version 2.0, client OpenSSH_5.5p1)
2016-08-06 19:57:42,328:paramiko.transport:Connected (version 2.0, client OpenSSH_5.5p1)
2016-08-06 19:57:42,355:paramiko.transport:Connected (version 2.0, client OpenSSH_5.5p1)
2016-08-06 19:57:42,383:CONFIG:dc2-edg-r1:connecting to dc2-edg-r1
2016-08-06 19:57:42,411:paramiko.transport:Connected (version 2.0, client OpenSSH_5.5p1)
2016-08-06 19:57:42,854:paramiko.transport:Auth banner: Welcome to VyOS

2016-08-06 19:57:42,854:paramiko.transport:Authentication (password) successful!
2016-08-06 19:57:42,885:paramiko.transport:Auth banner: Welcome to VyOS

2016-08-06 19:57:42,886:paramiko.transport:Authentication (password) successful!
2016-08-06 19:57:42,904:paramiko.transport:Auth banner: Welcome to VyOS

2016-08-06 19:57:42,905:paramiko.transport:Authentication (password) successful!
2016-08-06 19:57:42,923:paramiko.transport:Auth banner: Welcome to VyOS

2016-08-06 19:57:42,924:paramiko.transport:Authentication (password) successful!
2016-08-06 19:57:46,509:CONFIG:dc2-edg-r1:loading /home/ubuntu/workplace/ansible_vyos/vyos/output/dc2-edg-r1.conf
2016-08-06 19:57:46,765:CONFIG:dc2-edg-r1:loading /home/ubuntu/workplace/ansible_vyos/vyos/output/dc2-edg-r1.conf
2016-08-06 19:57:46,778:CONFIG:dc2-edg-r1:loading /home/ubuntu/workplace/ansible_vyos/vyos/output/dc2-edg-r1.conf
2016-08-06 19:57:46,863:CONFIG:dc2-edg-r1:loading /home/ubuntu/workplace/ansible_vyos/vyos/output/dc2-edg-r1.conf
2016-08-07 13:36:49,512:CONFIG:dc2-edg-r1:connecting to dc2-edg-r1
2016-08-07 13:36:49,511:CONFIG:dc2-edg-r1:connecting to dc2-edg-r1
2016-08-07 13:36:49,516:CONFIG:dc2-edg-r1:connecting to dc2-edg-r1
2016-08-07 13:36:49,521:CONFIG:dc2-edg-r1:connecting to dc2-edg-r1
2016-08-07 13:36:49,589:paramiko.transport:Connected (version 2.0, client OpenSSH_5.5p1)
2016-08-07 13:36:49,596:paramiko.transport:Connected (version 2.0, client OpenSSH_5.5p1)
2016-08-07 13:36:49,599:paramiko.transport:Connected (version 2.0, client OpenSSH_5.5p1)
2016-08-07 13:36:49,604:paramiko.transport:Connected (version 2.0, client OpenSSH_5.5p1)
2016-08-07 13:36:50,432:paramiko.transport:Auth banner: Welcome to VyOS

2016-08-07 13:36:50,433:paramiko.transport:Authentication (password) successful!
2016-08-07 13:36:50,435:paramiko.transport:Auth banner: Welcome to VyOS

2016-08-07 13:36:50,435:paramiko.transport:Authentication (password) successful!
2016-08-07 13:36:50,443:paramiko.transport:Auth banner: Welcome to VyOS

2016-08-07 13:36:50,444:paramiko.transport:Authentication (password) successful!
2016-08-07 13:36:50,446:paramiko.transport:Auth banner: Welcome to VyOS

2016-08-07 13:36:50,447:paramiko.transport:Authentication (password) successful!
2016-08-07 13:36:54,325:CONFIG:dc2-edg-r1:loading /home/ubuntu/workplace/ansible_vyos/vyos/output/dc2-edg-r1.conf
2016-08-07 13:36:54,326:CONFIG:dc2-edg-r1:loading /home/ubuntu/workplace/ansible_vyos/vyos/output/dc2-edg-r1.conf
2016-08-07 13:36:54,329:CONFIG:dc2-edg-r1:loading /home/ubuntu/workplace/ansible_vyos/vyos/output/dc2-edg-r1.conf
2016-08-07 13:36:54,331:CONFIG:dc2-edg-r1:loading /home/ubuntu/workplace/ansible_vyos/vyos/output/dc2-edg-r1.conf
2016-08-07 13:55:58,278:CONFIG:inventory_hostname:connecting to inventory_hostname
2016-08-07 13:55:58,277:CONFIG:inventory_hostname:connecting to inventory_hostname
2016-08-07 13:55:58,290:CONFIG:inventory_hostname:connecting to inventory_hostname
2016-08-07 13:55:58,301:CONFIG:inventory_hostname:connecting to inventory_hostname
2016-08-07 13:55:58,379:CONFIG:inventory_hostname:Exception: Connection to device timed-out: cisco_ios inventory_hostname:22
2016-08-07 13:55:58,383:CONFIG:inventory_hostname:Exception: Connection to device timed-out: cisco_ios inventory_hostname:22
2016-08-07 13:55:58,400:CONFIG:inventory_hostname:Exception: Connection to device timed-out: cisco_ios inventory_hostname:22
2016-08-07 13:55:58,407:CONFIG:inventory_hostname:Exception: Connection to device timed-out: cisco_ios inventory_hostname:22
2016-08-07 14:00:17,732:CONFIG:dc2-tor-r1:connecting to dc2-tor-r1
2016-08-07 14:00:17,740:CONFIG:dc2-cor-r1:connecting to dc2-cor-r1
2016-08-07 14:00:17,752:CONFIG:dc2-edg-r2:connecting to dc2-edg-r2
2016-08-07 14:00:17,766:CONFIG:dc2-edg-r1:connecting to dc2-edg-r1
2016-08-07 14:00:17,809:paramiko.transport:Connected (version 2.0, client OpenSSH_5.5p1)
2016-08-07 14:00:17,836:paramiko.transport:Connected (version 2.0, client OpenSSH_5.5p1)
2016-08-07 14:00:17,838:paramiko.transport:Connected (version 2.0, client OpenSSH_5.5p1)
2016-08-07 14:00:17,840:paramiko.transport:Connected (version 2.0, client OpenSSH_5.5p1)
2016-08-07 14:00:18,411:paramiko.transport:Auth banner: Welcome to VyOS

2016-08-07 14:00:18,411:paramiko.transport:Authentication (password) successful!
2016-08-07 14:00:18,441:paramiko.transport:Auth banner: Welcome to VyOS

2016-08-07 14:00:18,441:paramiko.transport:Authentication (password) successful!
2016-08-07 14:00:18,452:paramiko.transport:Auth banner: Welcome to VyOS

2016-08-07 14:00:18,453:paramiko.transport:Authentication (password) successful!
2016-08-07 14:00:18,454:paramiko.transport:Auth banner: Welcome to VyOS

2016-08-07 14:00:18,455:paramiko.transport:Authentication (password) successful!
2016-08-07 14:00:20,584:CONFIG:dc2-edg-r2:Exception: Router prompt not found: vyos@dc2-edg-r2:~$
2016-08-07 14:00:20,737:CONFIG:dc2-cor-r1:Exception: Router prompt not found: vyos@dc2-cor-r1:~$
2016-08-07 14:00:20,828:CONFIG:dc2-edg-r1:Exception: Router prompt not found: vyos@dc2-edg-r1:~$
2016-08-07 14:00:20,997:CONFIG:dc2-tor-r1:Exception: Router prompt not found: vyos@dc2-tor-r1:~$
